<?xml version="1.0" encoding="UTF-8"?>
<testsuite xmlns:xsi="http://www.w3.org/2001/XMLSchema-instance" xsi:noNamespaceSchemaLocation="https://maven.apache.org/surefire/maven-surefire-plugin/xsd/surefire-test-report.xsd" name="com.todo.controller.GestionLibrosTest" time="0.03" tests="1" errors="1" skipped="0" failures="0">
  <properties>
[...]
</properties>
  <testcase name="agregarLibro" classname="com.todo.controller.GestionLibrosTest" time="0.022">
    <error message="Cannot invoke &quot;com.todo.controller.GestionLibros.agregarLibro(com.todo.model.Libro)&quot; because &quot;this.gestionLibros&quot; is null" type="java.lang.NullPointerException">java.lang.NullPointerException: Cannot invoke "com.todo.controller.GestionLibros.agregarLibro(com.todo.model.Libro)" because "this.gestionLibros" is null
	at com.todo.controller.GestionLibrosTest.agregarLibro(GestionLibrosTest.java:29)
</error>
  </testcase>
</testsuite>